# JRE version: OpenJDK Runtime Environment Temurin-21.0.5+11 (21.0.5+11) (build 21.0.5+11-LTS)
# Java VM: OpenJDK 64-Bit Server VM Temurin-21.0.5+11 (21.0.5+11-LTS, mixed mode, sharing, tiered, compressed oops, compressed class ptrs, g1 gc, windows-amd64)
GC Precious Log:
 CardTable entry size: 512
 Card Set container configuration: InlinePtr #cards 4 size 8 Array Of Cards #cards 32 size 80 Howl #buckets 8 coarsen threshold 7372 Howl Bitmap #cards 1024 size 144 coarsen threshold 921 Card regions per heap region 1 cards per card region 8192
 CPUs: 8 total, 8 available
 Memory: 8146M
 Large Page Support: Disabled
 NUMA Support: Disabled
 Compressed Oops: Enabled (Zero based)
 Heap Region Size: 4M
 Heap Min Capacity: 8M
 Heap Initial Capacity: 128M
 Heap Max Capacity: 8G
 Pre-touch: Disabled
 Parallel Workers: 8
 Concurrent Workers: 2
 Concurrent Refinement Workers: 8
 Periodic GC: Disabled
Heap:
 garbage-first heap   total 1556480K, used 333308K [0x0000000600000000, 0x0000000800000000)
  region size 4096K, 5 young (20480K), 5 survivors (20480K)
 Metaspace       used 180720K, committed 184000K, reserved 1245184K
  class space    used 23594K, committed 25216K, reserved 1048576K
GC Heap History (20 events):
Event: 334.267 GC heap after
{Heap after GC invocations=74 (full 0):
 garbage-first heap   total 704512K, used 250258K [0x0000000600000000, 0x0000000800000000)
  region size 4096K, 2 young (8192K), 2 survivors (8192K)
 Metaspace       used 176922K, committed 180032K, reserved 1245184K
  class space    used 23162K, committed 24768K, reserved 1048576K
}
Event: 336.723 GC heap before
{Heap before GC invocations=74 (full 0):
 garbage-first heap   total 704512K, used 332178K [0x0000000600000000, 0x0000000800000000)
  region size 4096K, 23 young (94208K), 2 survivors (8192K)
 Metaspace       used 178070K, committed 181120K, reserved 1245184K
  class space    used 23401K, committed 24960K, reserved 1048576K
}
Event: 336.773 GC heap after
{Heap after GC invocations=75 (full 0):
 garbage-first heap   total 704512K, used 261023K [0x0000000600000000, 0x0000000800000000)
  region size 4096K, 3 young (12288K), 3 survivors (12288K)
 Metaspace       used 178070K, committed 181120K, reserved 1245184K
  class space    used 23401K, committed 24960K, reserved 1048576K
}
Event: 337.740 GC heap before
{Heap before GC invocations=75 (full 0):
 garbage-first heap   total 704512K, used 297887K [0x0000000600000000, 0x0000000800000000)
  region size 4096K, 13 young (53248K), 3 survivors (12288K)
 Metaspace       used 178341K, committed 181504K, reserved 1245184K
  class space    used 23420K, committed 25024K, reserved 1048576K
}
Event: 337.758 GC heap after
{Heap after GC invocations=76 (full 0):
 garbage-first heap   total 704512K, used 266353K [0x0000000600000000, 0x0000000800000000)
  region size 4096K, 2 young (8192K), 2 survivors (8192K)
 Metaspace       used 178341K, committed 181504K, reserved 1245184K
  class space    used 23420K, committed 25024K, reserved 1048576K
}
Event: 359.762 GC heap before
{Heap before GC invocations=76 (full 0):
 garbage-first heap   total 704512K, used 393329K [0x0000000600000000, 0x0000000800000000)
  region size 4096K, 33 young (135168K), 2 survivors (8192K)
 Metaspace       used 179334K, committed 182464K, reserved 1245184K
  class space    used 23528K, committed 25088K, reserved 1048576K
}
Event: 359.786 GC heap after
{Heap after GC invocations=77 (full 0):
 garbage-first heap   total 1556480K, used 278393K [0x0000000600000000, 0x0000000800000000)
  region size 4096K, 5 young (20480K), 5 survivors (20480K)
 Metaspace       used 179334K, committed 182464K, reserved 1245184K
  class space    used 23528K, committed 25088K, reserved 1048576K
}
Event: 361.186 GC heap before
{Heap before GC invocations=77 (full 0):
 garbage-first heap   total 1556480K, used 335737K [0x0000000600000000, 0x0000000800000000)
  region size 4096K, 19 young (77824K), 5 survivors (20480K)
 Metaspace       used 179357K, committed 182464K, reserved 1245184K
  class space    used 23529K, committed 25088K, reserved 1048576K
}
Event: 362.429 GC heap after
{Heap after GC invocations=78 (full 0):
 garbage-first heap   total 1556480K, used 282368K [0x0000000600000000, 0x0000000800000000)
  region size 4096K, 2 young (8192K), 2 survivors (8192K)
 Metaspace       used 179357K, committed 182464K, reserved 1245184K
  class space    used 23529K, committed 25088K, reserved 1048576K
}
Event: 372.214 GC heap before
{Heap before GC invocations=78 (full 0):
 garbage-first heap   total 1556480K, used 405248K [0x0000000600000000, 0x0000000800000000)
  region size 4096K, 33 young (135168K), 2 survivors (8192K)
 Metaspace       used 179612K, committed 182784K, reserved 1245184K
  class space    used 23540K, committed 25152K, reserved 1048576K
}
Event: 372.226 GC heap after
{Heap after GC invocations=79 (full 0):
 garbage-first heap   total 1556480K, used 289689K [0x0000000600000000, 0x0000000800000000)
  region size 4096K, 3 young (12288K), 3 survivors (12288K)
 Metaspace       used 179612K, committed 182784K, reserved 1245184K
  class space    used 23540K, committed 25152K, reserved 1048576K
}
Event: 373.763 GC heap before
{Heap before GC invocations=79 (full 0):
 garbage-first heap   total 1556480K, used 420761K [0x0000000600000000, 0x0000000800000000)
  region size 4096K, 35 young (143360K), 3 survivors (12288K)
 Metaspace       used 179819K, committed 183040K, reserved 1245184K
  class space    used 23544K, committed 25152K, reserved 1048576K
}
Event: 374.307 GC heap after
{Heap after GC invocations=80 (full 0):
 garbage-first heap   total 1556480K, used 299487K [0x0000000600000000, 0x0000000800000000)
  region size 4096K, 5 young (20480K), 5 survivors (20480K)
 Metaspace       used 179819K, committed 183040K, reserved 1245184K
  class space    used 23544K, committed 25152K, reserved 1048576K
}
Event: 375.529 GC heap before
{Heap before GC invocations=80 (full 0):
 garbage-first heap   total 1556480K, used 356831K [0x0000000600000000, 0x0000000800000000)
  region size 4096K, 19 young (77824K), 5 survivors (20480K)
 Metaspace       used 179909K, committed 183104K, reserved 1245184K
  class space    used 23552K, committed 25152K, reserved 1048576K
}
Event: 375.914 GC heap after
{Heap after GC invocations=81 (full 0):
 garbage-first heap   total 1556480K, used 302781K [0x0000000600000000, 0x0000000800000000)
  region size 4096K, 2 young (8192K), 2 survivors (8192K)
 Metaspace       used 179909K, committed 183104K, reserved 1245184K
  class space    used 23552K, committed 25152K, reserved 1048576K
}
Event: 385.557 GC heap before
{Heap before GC invocations=81 (full 0):
 garbage-first heap   total 1556480K, used 462525K [0x0000000600000000, 0x0000000800000000)
  region size 4096K, 41 young (167936K), 2 survivors (8192K)
 Metaspace       used 180194K, committed 183360K, reserved 1245184K
  class space    used 23558K, committed 25152K, reserved 1048576K
}
Event: 385.575 GC heap after
{Heap after GC invocations=82 (full 0):
 garbage-first heap   total 1556480K, used 314665K [0x0000000600000000, 0x0000000800000000)
  region size 4096K, 4 young (16384K), 4 survivors (16384K)
 Metaspace       used 180194K, committed 183360K, reserved 1245184K
  class space    used 23558K, committed 25152K, reserved 1048576K
}
Event: 386.774 GC heap before
{Heap before GC invocations=82 (full 0):
 garbage-first heap   total 1556480K, used 437545K [0x0000000600000000, 0x0000000800000000)
  region size 4096K, 35 young (143360K), 4 survivors (16384K)
 Metaspace       used 180368K, committed 183552K, reserved 1245184K
  class space    used 23568K, committed 25152K, reserved 1048576K
}
Event: 387.020 GC heap after
{Heap after GC invocations=83 (full 0):
 garbage-first heap   total 1556480K, used 321381K [0x0000000600000000, 0x0000000800000000)
  region size 4096K, 3 young (12288K), 3 survivors (12288K)
 Metaspace       used 180368K, committed 183552K, reserved 1245184K
  class space    used 23568K, committed 25152K, reserved 1048576K
}
Event: 397.887 GC heap before
{Heap before GC invocations=83 (full 0):
 garbage-first heap   total 1556480K, used 448357K [0x0000000600000000, 0x0000000800000000)
  region size 4096K, 34 young (139264K), 3 survivors (12288K)
 Metaspace       used 180720K, committed 184000K, reserved 1245184K
  class space    used 23594K, committed 25216K, reserved 1048576K
}

